<?xml version="1.0" encoding="utf-8"?><testsuites name="pytest tests"><testsuite name="pytest" errors="0" failures="0" skipped="0" tests="5" time="0.469" timestamp="2026-06-17T10:51:04.228708+05:00" hostname="athar-computer"><testcase classname="test_app" name="test_home" time="0.008" /><testcase classname="test_app" name="test_get_users" time="0.004" /><testcase classname="test_app" name="test_get_existing_user" time="0.004" /><testcase classname="test_app" name="test_get_non_existing_user" time="0.003" /><testcase classname="test_app" name="test_create_user" time="0.005" /></testsuite></testsuites>